<?xml version="1.0" encoding="UTF-8"?>
<!-- Generated by org.testng.reporters.JUnitReportReporter -->
<testsuite hostname="DESKTOP-KDQEA51" failures="0" tests="2" name="Automation.SeleniumFramework.demoTests" time="0.023" errors="0" timestamp="13 Jan 2022 06:31:04 GMT" skipped="1">
  <testcase classname="Automation.SeleniumFramework.demoTests" name="testMethod" time="0.023"/>
  <testcase classname="Automation.SeleniumFramework.demoTests" name="reverseString">
    <skipped/>
  </testcase> <!-- reverseString -->
</testsuite> <!-- Automation.SeleniumFramework.demoTests -->
