<?xml version="1.0" encoding="UTF-8"?>
<!-- Generated by org.testng.reporters.JUnitReportReporter -->
<testsuite hostname="DESKTOP-KDQEA51" failures="0" tests="1" name="qaclick.MavenTestProject.LoginDataDriven" time="16.743" errors="0" timestamp="10 Mar 2021 11:27:08 GMT" skipped="0">
  <testcase classname="qaclick.MavenTestProject.LoginDataDriven" name="getExcelData" time="16.743"/>
</testsuite> <!-- qaclick.MavenTestProject.LoginDataDriven -->
