<?xml version="1.0" encoding="UTF-8"?>
<!-- Generated by org.testng.reporters.JUnitReportReporter -->
<testsuite hostname="DESKTOP-KDQEA51" failures="0" tests="1" name="qaclick.MavenTestProject.TestM" time="9.426" errors="0" timestamp="20 Sep 2021 12:07:06 GMT" skipped="0">
  <testcase classname="qaclick.MavenTestProject.TestM" name="addProduct" time="9.426"/>
</testsuite> <!-- qaclick.MavenTestProject.TestM -->
