<?xml version="1.0" encoding="UTF-8"?>
<!-- Generated by org.testng.reporters.JUnitReportReporter -->
<testsuite hostname="DESKTOP-KDQEA51" failures="0" tests="1" name="qaclick.MavenTestProject.Excel" time="0.737" errors="0" timestamp="23 Dec 2020 07:06:46 GMT" skipped="0">
  <testcase classname="qaclick.MavenTestProject.Excel" name="getExcelData" time="0.737"/>
</testsuite> <!-- qaclick.MavenTestProject.Excel -->
