<?xml version="1.0" encoding="UTF-8"?>
<!-- Generated by org.testng.reporters.JUnitReportReporter -->
<testsuite hostname="DESKTOP-KDQEA51" failures="0" tests="1" name="seleniumTest.BankXYZ" time="1.131" errors="0" timestamp="16 Jun 2019 12:37:40 GMT" skipped="0">
  <testcase classname="seleniumTest.BankXYZ" name="customerLogin" time="1.131"/>
</testsuite> <!-- seleniumTest.BankXYZ -->
